<?xml version="1.0" encoding="UTF-8"?>
<testsuite xmlns:xsi="http://www.w3.org/2001/XMLSchema-instance" xsi:noNamespaceSchemaLocation="https://maven.apache.org/surefire/maven-surefire-plugin/xsd/surefire-test-report.xsd" name="TestSuite" time="1.417" tests="6" errors="0" skipped="2" failures="4">
  <properties>
[...]
</properties>
  <testcase name="setUpTest" classname="com.selenium.tests.AddToCartTests" time="1.183">
    <failure message="com/google/common/collect/Maps" type="java.lang.NoClassDefFoundError">java.lang.NoClassDefFoundError: com/google/common/collect/Maps
	at com.selenium.tests.AddToCartTests.setUpTest(AddToCartTests.java:23)
Caused by: java.lang.ClassNotFoundException: com.google.common.collect.Maps
	at com.selenium.tests.AddToCartTests.setUpTest(AddToCartTests.java:23)
</failure>
    <system-out><![CDATA[[XmlSuite] [WARN] 'parallel' value 'true' is deprecated, default value will be used instead: 'methods'.
]]></system-out>
  </testcase>
  <testcase name="setUpTest" classname="com.selenium.tests.AddToCartTests" time="0.065">
    <failure message="com/google/common/collect/Maps" type="java.lang.NoClassDefFoundError">java.lang.NoClassDefFoundError: com/google/common/collect/Maps
	at com.selenium.tests.AddToCartTests.setUpTest(AddToCartTests.java:23)
</failure>
  </testcase>
  <testcase name="VerifyProductAddedToCartTest" classname="com.selenium.tests.AddToCartTests" time="0">
    <skipped message="com/google/common/collect/Maps"/>
  </testcase>
  <testcase name="VerifyProductAddedToCartTest" classname="com.selenium.tests.AddToCartTests" time="0">
    <skipped message="com/google/common/collect/Maps"/>
  </testcase>
  <testcase name="tearDownTest" classname="com.selenium.tests.AddToCartTests" time="0.001">
    <failure type="java.lang.NullPointerException">java.lang.NullPointerException
</failure>
  </testcase>
  <testcase name="tearDownTest" classname="com.selenium.tests.AddToCartTests" time="0.001">
    <failure type="java.lang.NullPointerException">java.lang.NullPointerException
</failure>
  </testcase>
</testsuite>